<?xml version="1.0" encoding="UTF-8" ?>
<testsuite tests="4" failures="0" name="calculator.CalculatorTest" time="0.011" errors="0" skipped="0">
  <properties>
[...]
</properties>
  <testcase classname="calculator.CalculatorTest" name="testSubtration" time="0.011"/>
  <testcase classname="calculator.CalculatorTest" name="testMultiplication" time="0"/>
  <testcase classname="calculator.CalculatorTest" name="testAddition" time="0"/>
  <testcase classname="calculator.CalculatorTest" name="testDivision" time="0"/>
</testsuite>